<?xml version="1.0" encoding="UTF-8"?>
<!-- Generated by org.testng.reporters.JUnitReportReporter -->
<testsuite hostname="DESKTOP-7BP63UE" failures="0" tests="2" name="TestCases.CasesDemo3Trail3" time="7.898" errors="0" timestamp="2024-09-09T16:27:59 IST" skipped="0">
  <testcase classname="TestCases.CasesDemo3Trail3" name="Cases" time="4.914"/>
  <testcase classname="TestCases.CasesDemo3Trail3" name="properties" time="2.984"/>
</testsuite> <!-- TestCases.CasesDemo3Trail3 -->
