<?xml version="1.0" encoding="UTF-8"?>
<!-- Generated by org.testng.reporters.JUnitReportReporter -->
<testsuite hostname="DESKTOP-7BP63UE" failures="0" tests="1" name="TestCases.DataPrint_in_anyTab" time="11.942" errors="0" timestamp="2024-09-09T21:50:23 IST" skipped="0">
  <testcase classname="TestCases.DataPrint_in_anyTab" name="Cases" time="11.942"/>
</testsuite> <!-- TestCases.DataPrint_in_anyTab -->
