<?xml version="1.0" encoding="UTF-8"?>
<!-- Generated by org.testng.reporters.JUnitReportReporter -->
<testsuite hostname="DESKTOP-7BP63UE" failures="0" tests="1" name="TestCases.WorkFlowDataPrint" time="11.541" errors="0" timestamp="2024-09-09T16:35:04 IST" skipped="0">
  <testcase classname="TestCases.WorkFlowDataPrint" name="Cases" time="11.541"/>
</testsuite> <!-- TestCases.WorkFlowDataPrint -->
