<?xml version="1.0" encoding="UTF-8"?>
<!-- Generated by org.testng.reporters.JUnitReportReporter -->
<testsuite hostname="DESKTOP-7BP63UE" failures="0" tests="1" name="TestCases.CardValidatorDemo2" time="9.568" errors="0" timestamp="2024-08-31T13:53:24 IST" skipped="0">
  <testcase classname="TestCases.CardValidatorDemo2" name="testElementByXPath" time="9.568"/>
</testsuite> <!-- TestCases.CardValidatorDemo2 -->
