<?xml version="1.0" encoding="UTF-8"?>
<!-- Generated by org.testng.reporters.JUnitReportReporter -->
<testsuite hostname="DESKTOP-7BP63UE" failures="0" tests="1" name="TestCases.PrticalDemo.NewTest1" time="9.800" errors="0" timestamp="2024-09-09T16:19:33 IST" skipped="0">
  <testcase classname="TestCases.PrticalDemo.NewTest1" name="f" time="9.800"/>
</testsuite> <!-- TestCases.PrticalDemo.NewTest1 -->
