<?xml version="1.0" encoding="UTF-8"?>
<!-- Generated by org.testng.reporters.JUnitReportReporter -->
<testsuite hostname="DESKTOP-7BP63UE" failures="0" tests="1" name="com.TAP.POMTestCases.PageOpening" time="2.966" errors="0" timestamp="2024-08-27T22:13:09 IST" skipped="0">
  <testcase classname="com.TAP.POMTestCases.PageOpening" name="TAP" time="2.966"/>
</testsuite> <!-- com.TAP.POMTestCases.PageOpening -->
