<?xml version="1.0" encoding="UTF-8"?>
<!-- Generated by org.testng.reporters.JUnitReportReporter -->
<testsuite hostname="DESKTOP-7BP63UE" failures="0" tests="3" name="com.TAP.DataDrivenTestCases.NewTest" time="31.920" errors="0" timestamp="2024-08-30T16:27:28 IST" skipped="0">
  <testcase classname="com.TAP.DataDrivenTestCases.NewTest" name="f" time="14.889"/>
  <testcase classname="com.TAP.DataDrivenTestCases.NewTest" name="f" time="8.338"/>
  <testcase classname="com.TAP.DataDrivenTestCases.NewTest" name="f" time="8.693"/>
</testsuite> <!-- com.TAP.DataDrivenTestCases.NewTest -->
