<?xml version="1.0" encoding="UTF-8"?>
<!-- Generated by org.testng.reporters.JUnitReportReporter -->
<testsuite hostname="DESKTOP-7BP63UE" failures="0" tests="1" name="TestCases.DataprintMethod" time="5.171" errors="0" timestamp="2024-09-09T21:49:16 IST" skipped="0">
  <testcase classname="TestCases.DataprintMethod" name="Cases" time="5.171"/>
</testsuite> <!-- TestCases.DataprintMethod -->
