<?xml version="1.0" encoding="UTF-8"?>
<!-- Generated by org.testng.reporters.JUnitReportReporter -->
<testsuite hostname="DESKTOP-7BP63UE" failures="0" tests="1" name="TestCases.CardValidatorDemo4" time="11.777" errors="0" timestamp="2024-08-31T12:43:10 IST" skipped="0">
  <testcase classname="TestCases.CardValidatorDemo4" name="testElementByXPath" time="11.777"/>
</testsuite> <!-- TestCases.CardValidatorDemo4 -->
