<?xml version="1.0" encoding="UTF-8"?>
<!-- Generated by org.testng.reporters.JUnitReportReporter -->
<testsuite hostname="DESKTOP-7BP63UE" failures="0" tests="1" name="TestCases.CasesDemo" time="3.330" errors="0" timestamp="2024-09-09T16:26:10 IST" skipped="0">
  <testcase classname="TestCases.CasesDemo" name="property" time="3.330"/>
</testsuite> <!-- TestCases.CasesDemo -->
