<?xml version="1.0" encoding="UTF-8"?>
<!-- Generated by org.testng.reporters.JUnitReportReporter -->
<testsuite hostname="DESKTOP-7BP63UE" failures="0" tests="1" name="TestCases.Ebaydemo" time="14.185" errors="0" timestamp="2024-08-31T11:34:38 IST" skipped="0">
  <testcase classname="TestCases.Ebaydemo" name="f" time="14.185"/>
</testsuite> <!-- TestCases.Ebaydemo -->
