<?xml version="1.0" encoding="UTF-8"?>
<!-- Generated by org.testng.reporters.JUnitReportReporter -->
<testsuite hostname="DESKTOP-7BP63UE" failures="0" tests="1" name="TestCases.CardValidatorDemo3" time="12.537" errors="0" timestamp="2024-08-31T12:41:25 IST" skipped="0">
  <testcase classname="TestCases.CardValidatorDemo3" name="testElementByXPath" time="12.537"/>
</testsuite> <!-- TestCases.CardValidatorDemo3 -->
