<?xml version="1.0" encoding="UTF-8"?>
<!-- Generated by org.testng.reporters.JUnitReportReporter -->
<testsuite hostname="DESKTOP-7BP63UE" failures="0" tests="1" name="TestCases.CasesDemo2Trail" time="15.674" errors="0" timestamp="2024-09-04T15:03:01 IST" skipped="0">
  <testcase classname="TestCases.CasesDemo2Trail" name="Cases" time="15.674"/>
</testsuite> <!-- TestCases.CasesDemo2Trail -->
