<?xml version="1.0" encoding="UTF-8"?>
<!-- Generated by org.testng.reporters.JUnitReportReporter -->
<testsuite hostname="DESKTOP-7BP63UE" failures="0" tests="3" name="com.TAP.DataDrivenTestCases.NewTest" time="50.946" errors="0" timestamp="2024-09-09T15:45:38 IST" skipped="0">
  <testcase classname="com.TAP.DataDrivenTestCases.NewTest" name="f" time="24.831"/>
  <testcase classname="com.TAP.DataDrivenTestCases.NewTest" name="f" time="14.593"/>
  <testcase classname="com.TAP.DataDrivenTestCases.NewTest" name="f" time="11.522"/>
</testsuite> <!-- com.TAP.DataDrivenTestCases.NewTest -->
