<?xml version="1.0" encoding="UTF-8"?>
<!-- Generated by org.testng.reporters.JUnitReportReporter -->
<testsuite hostname="DESKTOP-7BP63UE" failures="0" tests="1" name="com.TAP.POMTestCases.PageOpening2" time="2.456" errors="0" timestamp="2024-09-09T15:50:07 IST" skipped="0">
  <testcase classname="com.TAP.POMTestCases.PageOpening2" name="TAP" time="2.456"/>
</testsuite> <!-- com.TAP.POMTestCases.PageOpening2 -->
