<?xml version="1.0" encoding="UTF-8"?>
<!-- Generated by org.testng.reporters.JUnitReportReporter -->
<testsuite hostname="DESKTOP-7BP63UE" failures="0" tests="1" name="com.TAP.POMTestCases.PageOpening" time="1.956" errors="0" timestamp="2024-08-29T11:56:51 IST" skipped="0">
  <testcase classname="com.TAP.POMTestCases.PageOpening" name="TAP" time="1.956">
    <system-out>
      <![CDATA[TAP login successful...]]>
    </system-out>
  </testcase> <!-- TAP -->
  <system-out>
    <![CDATA[TAP login successful...]]>
  </system-out>
</testsuite> <!-- com.TAP.POMTestCases.PageOpening -->
